  Sorting.cpp
C:\Users\Yousef\source\repos\Market_PDS\Market_PDS\Sorting.cpp(15,10): warning C4477: 'printf' : format string '%.2f' requires an argument of type 'double', but variadic argument 1 has type 'T6'
          with
          [
              T6=const char *
          ]
C:\Users\Yousef\source\repos\Market_PDS\Market_PDS\Sorting.cpp(82,88): message : see reference to function template instantiation 'void Sorting::print_row<const char*,const char*,const char*,const char*,const char*,const char*,const char*>(T0,T1,T2,T3,T4,T5,T6)' being compiled
          with
          [
              T0=const char *,
              T1=const char *,
              T2=const char *,
              T3=const char *,
              T4=const char *,
              T5=const char *,
              T6=const char *
          ]
C:\Users\Yousef\source\repos\Market_PDS\Market_PDS\Sorting.cpp(13,10): warning C4477: 'printf' : format string '%s' requires an argument of type 'char *', but variadic argument 1 has type 'T6'
          with
          [
              T6=double
          ]
C:\Users\Yousef\source\repos\Market_PDS\Market_PDS\Sorting.cpp(94,18): message : see reference to function template instantiation 'void Sorting::print_row<std::string,int,std::string,int,int,float,double>(T0,T1,T2,T3,T4,T5,T6)' being compiled
          with
          [
              T0=std::string,
              T1=int,
              T2=std::string,
              T3=int,
              T4=int,
              T5=float,
              T6=double
          ]
C:\Users\Yousef\source\repos\Market_PDS\Market_PDS\Sorting.cpp(76): warning C4715: 'Sorting::toSort': not all control paths return a value
  Market_PDS.vcxproj -> C:\Users\Yousef\source\repos\Market_PDS\x64\Debug\Market_PDS.exe
